24-07-08.13:26:44.174 [main            ] INFO  Application            - Starting Application using Java 1.8.0_382 on localhost with PID 7948 (/Users/wangyuefan/Documents/study/back/big-market/big-market-app/target/classes started by wangyuefan in /Users/wangyuefan/Documents/study/back/big-market)
24-07-08.13:26:44.175 [main            ] INFO  Application            - The following 1 profile is active: "dev"
24-07-08.13:26:44.444 [main            ] WARN  ClassPathMapperScanner - No MyBatis mapper was found in '[cn.bugstack]' package. Please check your configuration.
24-07-08.13:26:44.611 [main            ] INFO  TomcatWebServer        - Tomcat initialized with port(s): 8091 (http)
24-07-08.13:26:44.614 [main            ] INFO  Http11NioProtocol      - Initializing ProtocolHandler ["http-nio-8091"]
24-07-08.13:26:44.614 [main            ] INFO  StandardService        - Starting service [Tomcat]
24-07-08.13:26:44.614 [main            ] INFO  StandardEngine         - Starting Servlet engine: [Apache Tomcat/9.0.75]
24-07-08.13:26:44.684 [main            ] INFO  [/]                    - Initializing Spring embedded WebApplicationContext
24-07-08.13:26:44.684 [main            ] INFO  ServletWebServerApplicationContext - Root WebApplicationContext: initialization completed in 491 ms
24-07-08.13:26:44.936 [main            ] INFO  Http11NioProtocol      - Starting ProtocolHandler ["http-nio-8091"]
24-07-08.13:26:44.945 [main            ] INFO  TomcatWebServer        - Tomcat started on port(s): 8091 (http) with context path ''
24-07-08.13:26:44.950 [main            ] INFO  Application            - Started Application in 1.004 seconds (JVM running for 1.285)
24-07-08.15:12:33.100 [main            ] INFO  Application            - Starting Application using Java 1.8.0_382 on bogon with PID 9585 (/Users/wangyuefan/Documents/study/back/big-market/big-market-app/target/classes started by wangyuefan in /Users/wangyuefan/Documents/study/back/big-market)
24-07-08.15:12:33.101 [main            ] INFO  Application            - The following 1 profile is active: "dev"
24-07-08.15:12:33.508 [main            ] INFO  TomcatWebServer        - Tomcat initialized with port(s): 8091 (http)
24-07-08.15:12:33.512 [main            ] INFO  Http11NioProtocol      - Initializing ProtocolHandler ["http-nio-8091"]
24-07-08.15:12:33.512 [main            ] INFO  StandardService        - Starting service [Tomcat]
24-07-08.15:12:33.512 [main            ] INFO  StandardEngine         - Starting Servlet engine: [Apache Tomcat/9.0.75]
24-07-08.15:12:33.545 [main            ] INFO  [/]                    - Initializing Spring embedded WebApplicationContext
24-07-08.15:12:33.545 [main            ] INFO  ServletWebServerApplicationContext - Root WebApplicationContext: initialization completed in 423 ms
24-07-08.15:12:33.773 [main            ] INFO  Http11NioProtocol      - Starting ProtocolHandler ["http-nio-8091"]
24-07-08.15:12:33.804 [main            ] INFO  TomcatWebServer        - Tomcat started on port(s): 8091 (http) with context path ''
24-07-08.15:12:33.810 [main            ] INFO  Application            - Started Application in 0.916 seconds (JVM running for 1.136)
